Average results over 30 runs after 1000 generations.
Training fitness: 0.2802 (standard deviation: 0.0621)
Test accuracy: 0.8476 (standard deviation: 0.0289)
Test f1-score: 0.4886 (standard deviation: 0.1199)
Execution time: 1:14:23.706333

Best individual:
r[2] += r[0];
r[0] -= x[31];
r[7] -= r[0];
r[0] += r[6];
r[0] -= x[17];
r[3] -= r[0];
r[0] *= 8;
r[0] = r[0] / sqrt(1 + pow(3, 2));
r[0] *= 1;
r[4] -= r[0];
r[0] = sinf(r[0]);
r[0] += x[42];
r[0] = sinf(r[0]);
r[0] -= x[24];
r[0] *= 6;
r[0] += x[44];
r[3] = r[3] / sqrt(1 + pow(r[0], 2));
r[8] = r[0]; r[0] = r[5]; r[5] = r[8];
r[8] = r[0]; r[0] = r[7]; r[7] = r[8];
r[0] -= x[12];
r[1] -= r[0];
r[0] += x[40];
r[0] -= x[24];
r[3] *= r[0];
r[0] *= 8;
r[0] = r[0] / sqrt(1 + pow(3, 2));
r[0] *= r[0];
r[2] -= r[0];
r[0] = sinf(r[0]);
r[0] += r[0];
r[0] = r[0] / sqrt(1 + pow(r[0], 2));
r[7] -= r[0];
r[0] *= 7;
r[0] = r[0] / sqrt(1 + pow(x[16], 2));
r[2] -= r[0];
r[0] += r[5];
r[0] -= x[1];
r[4] -= r[0];
r[7] = r[7] / sqrt(1 + pow(r[0], 2));
r[6] += r[0];

Training fitness: 0.2107
Depth: 18
Length of the genome: 432
Used portion of the genome: 0.4977

              precision    recall  f1-score   support

         0.0     0.9519    0.9091    0.9300    787916
         1.0     0.5358    0.6955    0.6053    118811

    accuracy                         0.8811    906727
   macro avg     0.7438    0.8023    0.7676    906727
weighted avg     0.8974    0.8811    0.8875    906727

