Average results over 30 runs after 1000 generations.
Training fitness: 0.2790 (standard deviation: 0.0622)
Test accuracy: 0.8437 (standard deviation: 0.0296)
Test f1-score: 0.4855 (standard deviation: 0.1163)
Execution time: 0:14:58.433045

Best individual:
r[0] += r[3];
r[0] -= x[17];
r[0] = tanhf(r[0]);
r[0] *= 2;
r[0] += x[34];
r[0] -= x[23];
r[0] = sinf(r[0]);
r[0] -= x[31];
r[0] += x[42];
r[0] -= x[31];
r[0] += x[42];
r[0] -= x[24];
r[0] = sinf(r[0]);
r[0] = sinf(r[0]);
r[0] += r[0];
r[0] += x[6];
r[0] -= x[10];
r[0] -= x[24];
r[8] = r[0]; r[0] = r[0]; r[0] = r[8];
r[0] += x[16];
r[5] = r[5] / sqrt(1 + pow(r[0], 2));
r[0] -= x[24];
r[0] = tanhf(r[0]);
r[4] = r[4] / sqrt(1 + pow(r[0], 2));
r[0] += r[0];
r[0] += x[6];
r[0] -= x[24];
r[0] = sinf(r[0]);
r[7] -= r[0];
r[0] = sinf(r[0]);

Training fitness: 0.23529999999999995
Depth: 22
Length of the genome: 280
Used portion of the genome: 0.5643

              precision    recall  f1-score   support

         0.0     0.9439    0.9214    0.9325    787916
         1.0     0.5499    0.6370    0.5902    118811

    accuracy                         0.8841    906727
   macro avg     0.7469    0.7792    0.7614    906727
weighted avg     0.8923    0.8841    0.8877    906727

