Average results over 30 runs after 1000 generations.
Training fitness: 0.3839 (standard deviation: 0.0462)
Test accuracy: 0.5068 (standard deviation: 0.0875)
Test f1-score: 0.5297 (standard deviation: 0.1095)
Execution time: 0:28:11.248765

Best individual:
if (x[1] > x[0])
r[0] *= r[0];
r[0] += x[0];
if (r[1] > r[2])
r[1] -= r[0];
if (r[3] > x[1])
r[0] = cosf(r[0]);
if (r[3] > r[0])
r[0] *= x[1];
if (2 > r[0])
r[0] = sinf(r[0]);
if (x[0] > 9)
r[0] *= r[0];
if (r[2] > x[0])
r[0] = cosf(r[0]);
if (r[1] > r[3])
r[3] += r[0];
r[0] -= x[0];
r[0] = cosf(r[0]);
r[0] = cosf(r[0]);
if (x[1] > x[0])
r[0] -= r[0];
r[0] -= x[1];
r[0] *= 3;
r[0] = cosf(r[0]);
if (x[0] > 3)
r[0] = cosf(r[0]);
if (x[0] > r[0])
r[0] = sinf(r[0]);

Training fitness: 0.3032258064516129
Depth: 18
Length of the genome: 4161
Used portion of the genome: 0.0312

              precision    recall  f1-score   support

         0.0     0.7368    0.7000    0.7179        20
         1.0     0.7000    0.7368    0.7179        19

    accuracy                         0.7179        39
   macro avg     0.7184    0.7184    0.7179        39
weighted avg     0.7189    0.7179    0.7179        39

